<?xml version="1.0" encoding="UTF-8"?>
<!-- Generated by org.testng.reporters.JUnitXMLReporter -->
<testsuite ignored="0" hostname="KRISSHNNAA" failures="1" tests="5" name="Ebanking" time="47.84" errors="0" timestamp="2021-04-27T14:41:22 IST">
  <testcase classname="com.inetbanking.testcases.Tc_LoginDDT_002" name="loginDDT" time="8.146"/>
  <testcase classname="com.inetbanking.testcases.Tc_LoginDDT_002" name="loginDDT" time="8.044"/>
  <testcase classname="com.inetbanking.testcases.Tc_LoginDDT_002" name="loginDDT" time="14.627"/>
  <testcase classname="com.inetbanking.testcases.Tc_LoginDDT_002" name="loginDDT" time="7.49"/>
  <testcase classname="com.inetbanking.testcases.Tc_LoginDDT_002" name="loginDDT" time="0.024">
    <failure type="java.lang.IllegalArgumentException" message="Keys to send should be a not null CharSequence">
      <![CDATA[java.lang.IllegalArgumentException: Keys to send should be a not null CharSequence
at org.openqa.selenium.remote.RemoteWebElement.sendKeys(RemoteWebElement.java:92)
at org.openqa.selenium.support.pagefactory.internal.LocatingElementHandler.invoke(LocatingElementHandler.java:52)
at com.sun.proxy.$Proxy19.sendKeys(Unknown Source)
at com.inetbanking.pageobjects.Loginpage.setUserName(Loginpage.java:36)
at com.inetbanking.testcases.Tc_LoginDDT_002.loginDDT(Tc_LoginDDT_002.java:17)
at java.base/java.util.ArrayList.forEach(ArrayList.java:1507)
... Removed 31 stack frames]]>
    </failure>
  </testcase> <!-- loginDDT -->
</testsuite> <!-- Ebanking -->
