<?xml version="1.0" encoding="UTF-8"?>
<testsuite xmlns:xsi="http://www.w3.org/2001/XMLSchema-instance" xsi:noNamespaceSchemaLocation="https://maven.apache.org/surefire/maven-surefire-plugin/xsd/surefire-test-report-3.0.xsd" version="3.0" name="TestSuite" time="34.558" tests="2" errors="0" skipped="0" failures="0">
  <properties>
[...]
</properties>
  <testcase name="loginTest" classname="com.inetbanking.testcases.Tc_LoginTest_001" time="2.416">
    <system-out><![CDATA[ INFO [main] (Tc_LoginTest_001.java:18)- url is opened
 INFO [main] (Tc_LoginTest_001.java:25)- username is entered
 INFO [main] (Tc_LoginTest_001.java:27)- password is entered
 INFO [main] (Tc_LoginTest_001.java:29)- App opened
Titlepass
]]></system-out>
    <system-err><![CDATA[SLF4J: Failed to load class "org.slf4j.impl.StaticLoggerBinder".
SLF4J: Defaulting to no-operation (NOP) logger implementation
SLF4J: See http://www.slf4j.org/codes.html#StaticLoggerBinder for further details.
Starting ChromeDriver 89.0.4389.23 (61b08ee2c50024bab004e48d2b1b083cdbdac579-refs/branch-heads/4389@{#294}) on port 27924
Only local connections are allowed.
Please see https://chromedriver.chromium.org/security-considerations for suggestions on keeping ChromeDriver safe.
ChromeDriver was started successfully.
[1619629610.817][WARNING]: This version of ChromeDriver has not been tested with Chrome version 90.
Apr 28, 2021 10:36:51 PM org.openqa.selenium.remote.ProtocolHandshake createSession
INFO: Detected dialect: W3C
Apr 28, 2021 10:36:52 PM org.openqa.selenium.devtools.CdpVersionFinder findNearestMatch
WARNING: Unable to find an exact match for CDP version 90, so returning the closest version found: 89
Apr 28, 2021 10:36:52 PM org.openqa.selenium.devtools.CdpVersionFinder findNearestMatch
INFO: Found CDP implementation for version 90 of 89
]]></system-err>
  </testcase>
  <testcase name="addNewcustomer" classname="com.inetbanking.testcases.Tc_Addcustomer_002" time="14.71">
    <system-out><![CDATA[ INFO [main] (Tc_Addcustomer_002.java:19)- Entered the Username
 INFO [main] (Tc_Addcustomer_002.java:21)- Entered password
 INFO [main] (Tc_Addcustomer_002.java:28)- Button Clicked
 INFO [main] (Tc_Addcustomer_002.java:30)- enterd cust.name
 INFO [main] (Tc_Addcustomer_002.java:32)- Selected Gender
 INFO [main] (Tc_Addcustomer_002.java:34)- Selected the DOB
 INFO [main] (Tc_Addcustomer_002.java:37)- Entered the Address
 INFO [main] (Tc_Addcustomer_002.java:39)- Selected the city
 INFO [main] (Tc_Addcustomer_002.java:41)- Selected the state
 INFO [main] (Tc_Addcustomer_002.java:43)- Entered the Pinno
 INFO [main] (Tc_Addcustomer_002.java:45)- Entered the Ph.no
 INFO [main] (Tc_Addcustomer_002.java:49)- Entered the email
 INFO [main] (Tc_Addcustomer_002.java:51)- Entered the password
 INFO [main] (Tc_Addcustomer_002.java:53)- Clicked the submit button
]]></system-out>
    <system-err><![CDATA[Starting ChromeDriver 89.0.4389.23 (61b08ee2c50024bab004e48d2b1b083cdbdac579-refs/branch-heads/4389@{#294}) on port 2261
Only local connections are allowed.
Please see https://chromedriver.chromium.org/security-considerations for suggestions on keeping ChromeDriver safe.
ChromeDriver was started successfully.
[1619629620.557][WARNING]: This version of ChromeDriver has not been tested with Chrome version 90.
Apr 28, 2021 10:37:00 PM org.openqa.selenium.remote.ProtocolHandshake createSession
INFO: Detected dialect: W3C
Apr 28, 2021 10:37:00 PM org.openqa.selenium.devtools.CdpVersionFinder findNearestMatch
WARNING: Unable to find an exact match for CDP version 90, so returning the closest version found: 89
Apr 28, 2021 10:37:00 PM org.openqa.selenium.devtools.CdpVersionFinder findNearestMatch
INFO: Found CDP implementation for version 90 of 89
]]></system-err>
  </testcase>
</testsuite>