<?xml version="1.0" encoding="UTF-8"?>
<testng-results ignored="0" total="2" passed="2" failed="0" skipped="0">
  <reporter-output>
  </reporter-output>
  <suite started-at="2021-04-28T22:36:47 IST" name="inetBankingV1" finished-at="2021-04-28T22:37:20 IST" duration-ms="33124">
    <groups>
    </groups>
    <test started-at="2021-04-28T22:36:47 IST" name="Ebanking" finished-at="2021-04-28T22:37:20 IST" duration-ms="33124">
      <class name="com.inetbanking.testcases.Tc_Addcustomer_002">
        <test-method is-config="true" signature="setup(java.lang.String)[pri:0, instance:com.inetbanking.testcases.Tc_Addcustomer_002@4d465b11]" started-at="2021-04-28T22:36:58 IST" name="setup" finished-at="2021-04-28T22:37:04 IST" duration-ms="6032" status="PASS">
          <params>
            <param index="0">
              <value>
                <![CDATA[chrome]]>
              </value>
            </param>
          </params>
          <reporter-output>
          </reporter-output>
        </test-method> <!-- setup -->
        <test-method signature="addNewcustomer()[pri:0, instance:com.inetbanking.testcases.Tc_Addcustomer_002@4d465b11]" started-at="2021-04-28T22:37:04 IST" name="addNewcustomer" finished-at="2021-04-28T22:37:19 IST" duration-ms="14734" status="PASS">
          <reporter-output>
          </reporter-output>
        </test-method> <!-- addNewcustomer -->
        <test-method is-config="true" signature="teardown()[pri:0, instance:com.inetbanking.testcases.Tc_Addcustomer_002@4d465b11]" started-at="2021-04-28T22:37:19 IST" name="teardown" finished-at="2021-04-28T22:37:20 IST" duration-ms="906" status="PASS">
          <reporter-output>
          </reporter-output>
        </test-method> <!-- teardown -->
      </class> <!-- com.inetbanking.testcases.Tc_Addcustomer_002 -->
      <class name="com.inetbanking.testcases.Tc_LoginTest_001">
        <test-method is-config="true" signature="setup(java.lang.String)[pri:0, instance:com.inetbanking.testcases.Tc_LoginTest_001@4efc180e]" started-at="2021-04-28T22:36:47 IST" name="setup" finished-at="2021-04-28T22:36:55 IST" duration-ms="7817" status="PASS">
          <params>
            <param index="0">
              <value>
                <![CDATA[chrome]]>
              </value>
            </param>
          </params>
          <reporter-output>
          </reporter-output>
        </test-method> <!-- setup -->
        <test-method signature="loginTest()[pri:0, instance:com.inetbanking.testcases.Tc_LoginTest_001@4efc180e]" started-at="2021-04-28T22:36:55 IST" name="loginTest" finished-at="2021-04-28T22:36:58 IST" duration-ms="2453" status="PASS">
          <reporter-output>
          </reporter-output>
        </test-method> <!-- loginTest -->
        <test-method is-config="true" signature="teardown()[pri:0, instance:com.inetbanking.testcases.Tc_LoginTest_001@4efc180e]" started-at="2021-04-28T22:36:58 IST" name="teardown" finished-at="2021-04-28T22:36:58 IST" duration-ms="835" status="PASS">
          <reporter-output>
          </reporter-output>
        </test-method> <!-- teardown -->
      </class> <!-- com.inetbanking.testcases.Tc_LoginTest_001 -->
    </test> <!-- Ebanking -->
  </suite> <!-- inetBankingV1 -->
</testng-results>
